<?xml version="1.0" encoding="UTF-8"?>
<!-- Generated by org.testng.reporters.JUnitXMLReporter -->
<testsuite ignored="8" hostname="LTIN201292" failures="0" tests="9" name="Test" time="63.311" errors="0" timestamp="2024-02-29T09:59:23 IST">
  <testcase classname="testCases.TC001_CarLoan_Calculator" name="Test1_001" time="0.724"/>
  <testcase classname="testCases.TC001_CarLoan_Calculator" name="Test1_002" time="5.282"/>
  <testcase classname="testCases.TC001_CarLoan_Calculator" name="Test1_003" time="2.246"/>
  <testcase classname="testCases.TC002_HomeLoan_Calculator" name="Test2_001" time="3.629"/>
  <testcase classname="testCases.TC002_HomeLoan_Calculator" name="Test2_002" time="3.142"/>
  <testcase classname="testCases.TC002_HomeLoan_Calculator" name="Test2_004" time="13.764"/>
  <testcase classname="testCases.TC003_Emi_Calculator" name="emi_calculator_Validation" time="3.032"/>
  <testcase classname="testCases.TC004_LoanAmount_Calculator" name="Test4_001" time="1.289"/>
  <testcase classname="testCases.TC005_LoanTenure_Calculator" name="Test5_001" time="0.923"/>
  <testcase classname="testBase.BaseClass" name="@AfterTest teardown" time="0.0">
    <ignored/>
  </testcase> <!-- @AfterTest teardown -->
  <testcase classname="testBase.BaseClass" name="@AfterTest teardown" time="0.0">
    <ignored/>
  </testcase> <!-- @AfterTest teardown -->
  <testcase classname="testBase.BaseClass" name="@AfterTest teardown" time="0.0">
    <ignored/>
  </testcase> <!-- @AfterTest teardown -->
  <testcase classname="testBase.BaseClass" name="@AfterTest teardown" time="0.0">
    <ignored/>
  </testcase> <!-- @AfterTest teardown -->
  <testcase classname="testBase.BaseClass" name="@BeforeTest setup" time="0.0">
    <ignored/>
  </testcase> <!-- @BeforeTest setup -->
  <testcase classname="testBase.BaseClass" name="@BeforeTest setup" time="0.0">
    <ignored/>
  </testcase> <!-- @BeforeTest setup -->
  <testcase classname="testBase.BaseClass" name="@BeforeTest setup" time="0.0">
    <ignored/>
  </testcase> <!-- @BeforeTest setup -->
  <testcase classname="testBase.BaseClass" name="@BeforeTest setup" time="0.0">
    <ignored/>
  </testcase> <!-- @BeforeTest setup -->
</testsuite> <!-- Test -->
