<?xml version="1.0" encoding="UTF-8"?>
<testng-results ignored="8" total="17" passed="9" failed="0" skipped="0">
  <reporter-output>
  </reporter-output>
  <suite started-at="2024-02-29T09:58:20 IST" name="Suite" finished-at="2024-02-29T09:59:23 IST" duration-ms="63311">
    <groups>
      <group name="regression">
        <method signature="TC001_CarLoan_Calculator.Test1_001()[pri:1, instance:testCases.TC001_CarLoan_Calculator@534a5a98]" name="Test1_001" class="testCases.TC001_CarLoan_Calculator"/>
        <method signature="TC002_HomeLoan_Calculator.Test2_001()[pri:1, instance:testCases.TC002_HomeLoan_Calculator@70e9c95d]" name="Test2_001" class="testCases.TC002_HomeLoan_Calculator"/>
        <method signature="TC002_HomeLoan_Calculator.Test2_002()[pri:2, instance:testCases.TC002_HomeLoan_Calculator@70e9c95d]" name="Test2_002" class="testCases.TC002_HomeLoan_Calculator"/>
        <method signature="TC004_LoanAmount_Calculator.Test4_001()[pri:1, instance:testCases.TC004_LoanAmount_Calculator@51c668e3]" name="Test4_001" class="testCases.TC004_LoanAmount_Calculator"/>
        <method signature="TC005_LoanTenure_Calculator.Test5_001()[pri:1, instance:testCases.TC005_LoanTenure_Calculator@2e6a8155]" name="Test5_001" class="testCases.TC005_LoanTenure_Calculator"/>
      </group> <!-- regression -->
      <group name="sanity">
        <method signature="TC001_CarLoan_Calculator.Test1_002()[pri:2, instance:testCases.TC001_CarLoan_Calculator@534a5a98]" name="Test1_002" class="testCases.TC001_CarLoan_Calculator"/>
        <method signature="TC001_CarLoan_Calculator.Test1_003()[pri:3, instance:testCases.TC001_CarLoan_Calculator@534a5a98]" name="Test1_003" class="testCases.TC001_CarLoan_Calculator"/>
        <method signature="TC002_HomeLoan_Calculator.Test2_004()[pri:3, instance:testCases.TC002_HomeLoan_Calculator@70e9c95d]" name="Test2_004" class="testCases.TC002_HomeLoan_Calculator"/>
        <method signature="TC003_Emi_Calculator.emi_calculator_Validation()[pri:1, instance:testCases.TC003_Emi_Calculator@4d5650ae]" name="emi_calculator_Validation" class="testCases.TC003_Emi_Calculator"/>
      </group> <!-- sanity -->
    </groups>
    <test started-at="2024-02-29T09:58:20 IST" name="Test" finished-at="2024-02-29T09:59:23 IST" duration-ms="63311">
      <class name="testCases.TC003_Emi_Calculator">
        <test-method signature="emi_calculator_Validation()[pri:1, instance:testCases.TC003_Emi_Calculator@4d5650ae]" started-at="2024-02-29T09:59:15 IST" name="emi_calculator_Validation" finished-at="2024-02-29T09:59:18 IST" duration-ms="3032" status="PASS">
          <reporter-output>
          </reporter-output>
        </test-method> <!-- emi_calculator_Validation -->
      </class> <!-- testCases.TC003_Emi_Calculator -->
      <class name="testCases.TC002_HomeLoan_Calculator">
        <test-method signature="Test2_001()[pri:1, instance:testCases.TC002_HomeLoan_Calculator@70e9c95d]" started-at="2024-02-29T09:58:53 IST" name="Test2_001" finished-at="2024-02-29T09:58:57 IST" duration-ms="3629" status="PASS">
          <reporter-output>
          </reporter-output>
        </test-method> <!-- Test2_001 -->
        <test-method signature="Test2_002()[pri:2, instance:testCases.TC002_HomeLoan_Calculator@70e9c95d]" started-at="2024-02-29T09:58:58 IST" name="Test2_002" finished-at="2024-02-29T09:59:01 IST" duration-ms="3142" status="PASS">
          <reporter-output>
          </reporter-output>
        </test-method> <!-- Test2_002 -->
        <test-method signature="Test2_004()[pri:3, instance:testCases.TC002_HomeLoan_Calculator@70e9c95d]" started-at="2024-02-29T09:59:01 IST" name="Test2_004" finished-at="2024-02-29T09:59:15 IST" duration-ms="13764" status="PASS">
          <reporter-output>
          </reporter-output>
        </test-method> <!-- Test2_004 -->
      </class> <!-- testCases.TC002_HomeLoan_Calculator -->
      <class name="testCases.TC001_CarLoan_Calculator">
        <test-method is-config="true" signature="setup(java.lang.String,java.lang.String)[pri:0, instance:testCases.TC001_CarLoan_Calculator@534a5a98]" started-at="2024-02-29T09:58:21 IST" name="setup" finished-at="2024-02-29T09:58:44 IST" duration-ms="22848" status="PASS">
          <params>
            <param index="0">
              <value>
                <![CDATA[windows]]>
              </value>
            </param>
            <param index="1">
              <value>
                <![CDATA[Chrome]]>
              </value>
            </param>
          </params>
          <reporter-output>
          </reporter-output>
        </test-method> <!-- setup -->
        <test-method signature="Test1_001()[pri:1, instance:testCases.TC001_CarLoan_Calculator@534a5a98]" started-at="2024-02-29T09:58:44 IST" name="Test1_001" finished-at="2024-02-29T09:58:45 IST" duration-ms="724" status="PASS">
          <reporter-output>
          </reporter-output>
        </test-method> <!-- Test1_001 -->
        <test-method signature="Test1_002()[pri:2, instance:testCases.TC001_CarLoan_Calculator@534a5a98]" started-at="2024-02-29T09:58:45 IST" name="Test1_002" finished-at="2024-02-29T09:58:51 IST" duration-ms="5282" status="PASS">
          <reporter-output>
          </reporter-output>
        </test-method> <!-- Test1_002 -->
        <test-method signature="Test1_003()[pri:3, instance:testCases.TC001_CarLoan_Calculator@534a5a98]" started-at="2024-02-29T09:58:51 IST" name="Test1_003" finished-at="2024-02-29T09:58:53 IST" duration-ms="2246" status="PASS">
          <reporter-output>
          </reporter-output>
        </test-method> <!-- Test1_003 -->
        <test-method is-config="true" signature="teardown()[pri:0, instance:testCases.TC001_CarLoan_Calculator@534a5a98]" started-at="2024-02-29T09:59:21 IST" name="teardown" finished-at="2024-02-29T09:59:23 IST" duration-ms="1425" status="PASS">
          <reporter-output>
          </reporter-output>
        </test-method> <!-- teardown -->
      </class> <!-- testCases.TC001_CarLoan_Calculator -->
      <class name="testCases.TC004_LoanAmount_Calculator">
        <test-method signature="Test4_001()[pri:1, instance:testCases.TC004_LoanAmount_Calculator@51c668e3]" started-at="2024-02-29T09:59:19 IST" name="Test4_001" finished-at="2024-02-29T09:59:20 IST" duration-ms="1289" status="PASS">
          <reporter-output>
          </reporter-output>
        </test-method> <!-- Test4_001 -->
      </class> <!-- testCases.TC004_LoanAmount_Calculator -->
      <class name="testCases.TC005_LoanTenure_Calculator">
        <test-method signature="Test5_001()[pri:1, instance:testCases.TC005_LoanTenure_Calculator@2e6a8155]" started-at="2024-02-29T09:59:20 IST" name="Test5_001" finished-at="2024-02-29T09:59:21 IST" duration-ms="923" status="PASS">
          <reporter-output>
          </reporter-output>
        </test-method> <!-- Test5_001 -->
      </class> <!-- testCases.TC005_LoanTenure_Calculator -->
    </test> <!-- Test -->
  </suite> <!-- Suite -->
</testng-results>
